<?xml version="1.0" encoding="UTF-8"?>
<coverage generated="1741668688278" clover="3.2.0">
  <project timestamp="1741668688278" name="All files">
    <metrics statements="14" coveredstatements="10" conditionals="4" coveredconditionals="2" methods="4" coveredmethods="3" elements="22" coveredelements="15" complexity="0" loc="14" ncloc="14" packages="2" files="4" classes="4"/>
    <package name="components">
      <metrics statements="12" coveredstatements="8" conditionals="4" coveredconditionals="2" methods="4" coveredmethods="3"/>
      <file name="StyledText.tsx" path="/Users/kjordine/ReactNativeProjects/Glammas/components/StyledText.tsx">
        <metrics statements="1" coveredstatements="1" conditionals="0" coveredconditionals="0" methods="1" coveredmethods="1"/>
        <line num="4" count="1" type="stmt"/>
      </file>
      <file name="Themed.tsx" path="/Users/kjordine/ReactNativeProjects/Glammas/components/Themed.tsx">
        <metrics statements="11" coveredstatements="7" conditionals="4" coveredconditionals="2" methods="3" coveredmethods="2"/>
        <line num="23" count="1" type="cond" truecount="1" falsecount="1"/>
        <line num="24" count="1" type="stmt"/>
        <line num="26" count="1" type="cond" truecount="1" falsecount="1"/>
        <line num="27" count="0" type="stmt"/>
        <line num="29" count="1" type="stmt"/>
        <line num="34" count="1" type="stmt"/>
        <line num="35" count="1" type="stmt"/>
        <line num="37" count="1" type="stmt"/>
        <line num="41" count="0" type="stmt"/>
        <line num="42" count="0" type="stmt"/>
        <line num="44" count="0" type="stmt"/>
      </file>
      <file name="useColorScheme.ts" path="/Users/kjordine/ReactNativeProjects/Glammas/components/useColorScheme.ts">
        <metrics statements="0" coveredstatements="0" conditionals="0" coveredconditionals="0" methods="0" coveredmethods="0"/>
      </file>
    </package>
    <package name="constants">
      <metrics statements="2" coveredstatements="2" conditionals="0" coveredconditionals="0" methods="0" coveredmethods="0"/>
      <file name="Colors.ts" path="/Users/kjordine/ReactNativeProjects/Glammas/constants/Colors.ts">
        <metrics statements="2" coveredstatements="2" conditionals="0" coveredconditionals="0" methods="0" coveredmethods="0"/>
        <line num="1" count="1" type="stmt"/>
        <line num="2" count="1" type="stmt"/>
      </file>
    </package>
  </project>
</coverage>
